
> gas-agency@0.1.0 build
> next build

   ▲ Next.js 15.0.4
   - Environments: .env.local, .env

   Creating an optimized production build ...
 ⚠ Attempted to load @next/swc-win32-x64-msvc, but an error occurred: \\?\C:\Users\Dell\GasAgency\GasAgencyProject\node_modules\@next\swc-win32-x64-msvc\next-swc.win32-x64-msvc.node is not a valid Win32 application.
\\?\C:\Users\Dell\GasAgency\GasAgencyProject\node_modules\@next\swc-win32-x64-msvc\next-swc.win32-x64-msvc.node
Failed to compile.

./src/styles/CustomAlert.module.css
Error: It looks like you're trying to use `tailwindcss` directly as a PostCSS plugin. The PostCSS plugin has moved to a separate package, so to continue using Tailwind CSS with PostCSS you'll need to install `@tailwindcss/postcss` and update your PostCSS configuration.
    at lt (C:\Users\Dell\GasAgency\GasAgencyProject\node_modules\tailwindcss\dist\lib.js:38:1643)
    at LazyResult.runOnRoot (C:\Users\Dell\GasAgency\GasAgencyProject\node_modules\next\node_modules\postcss\lib\lazy-result.js:329:16)
    at LazyResult.runAsync (C:\Users\Dell\GasAgency\GasAgencyProject\node_modules\next\node_modules\postcss\lib\lazy-result.js:258:26)
    at LazyResult.async (C:\Users\Dell\GasAgency\GasAgencyProject\node_modules\next\node_modules\postcss\lib\lazy-result.js:160:30)
    at LazyResult.then (C:\Users\Dell\GasAgency\GasAgencyProject\node_modules\next\node_modules\postcss\lib\lazy-result.js:404:17)
    at process.processTicksAndRejections (node:internal/process/task_queues:103:5)
    at async Span.traceAsyncFn (C:\Users\Dell\GasAgency\GasAgencyProject\node_modules\next\dist\trace\trace.js:153:20)
    at async C:\Users\Dell\GasAgency\GasAgencyProject\node_modules\next\dist\build\webpack\loaders\postcss-loader\src\index.js:54:22
    at async Span.traceAsyncFn (C:\Users\Dell\GasAgency\GasAgencyProject\node_modules\next\dist\trace\trace.js:153:20)

Import trace for requested module:
./src/styles/CustomAlert.module.css
./src/app/CustomAlert.js
./src/app/book-cylinder/page.js


> Build failed because of webpack errors
